<?xml version="1.0" encoding="UTF-8"?>
<testsuite xmlns:xsi="http://www.w3.org/2001/XMLSchema-instance" xsi:noNamespaceSchemaLocation="https://maven.apache.org/surefire/maven-surefire-plugin/xsd/surefire-test-report-3.0.xsd" version="3.0" name="com.erp.multitenant.security.SecurityExceptionHandlingTest" time="5.26" tests="1" errors="0" skipped="0" failures="0">
  <properties>
[...]
</properties>
  <testcase name="shouldReturn401WhenUnauthenticated" classname="com.erp.multitenant.security.SecurityExceptionHandlingTest" time="0.212">
    <system-out><![CDATA[2026-08-18T17:47:23.808-03:00  INFO 996 --- [erp-multitenant-backend] [           main] t.c.s.AnnotationConfigContextLoaderUtils : Could not detect default configuration classes for test class [com.erp.multitenant.security.SecurityExceptionHandlingTest]: SecurityExceptionHandlingTest does not declare any static, non-private, non-final, nested classes annotated with @Configuration.
2026-08-18T17:47:23.929-03:00  INFO 996 --- [erp-multitenant-backend] [           main] .b.t.c.SpringBootTestContextBootstrapper : Found @SpringBootConfiguration com.erp.multitenant.ErpApplication for test class com.erp.multitenant.security.SecurityExceptionHandlingTest

  .   ____          _            __ _ _
 /\\ / ___'_ __ _ _(_)_ __  __ _ \ \ \ \
( ( )\___ | '_ | '_| | '_ \/ _` | \ \ \ \
 \\/  ___)| |_)| | | | | || (_| |  ) ) ) )
  '  |____| .__|_| |_|_| |_\__, | / / / /
 =========|_|==============|___/=/_/_/_/
 :: Spring Boot ::                (v3.2.3)

2026-08-18T17:47:24.110-03:00  INFO 996 --- [erp-multitenant-backend] [           main] c.e.m.s.SecurityExceptionHandlingTest    : Starting SecurityExceptionHandlingTest using Java 26.0.1 with PID 996 (started by mayara in C:\Users\guter\Documents\GitHub\gestaoEstopa\backend)
2026-08-18T17:47:24.111-03:00 DEBUG 996 --- [erp-multitenant-backend] [           main] c.e.m.s.SecurityExceptionHandlingTest    : Running with Spring Boot v3.2.3, Spring v6.1.4
2026-08-18T17:47:24.111-03:00  INFO 996 --- [erp-multitenant-backend] [           main] c.e.m.s.SecurityExceptionHandlingTest    : The following 1 profile is active: "dev"
2026-08-18T17:47:25.337-03:00  INFO 996 --- [erp-multitenant-backend] [           main] .s.d.r.c.RepositoryConfigurationDelegate : Bootstrapping Spring Data JPA repositories in DEFAULT mode.
2026-08-18T17:47:25.465-03:00  INFO 996 --- [erp-multitenant-backend] [           main] .s.d.r.c.RepositoryConfigurationDelegate : Finished Spring Data repository scanning in 126 ms. Found 5 JPA repository interfaces.
2026-08-18T17:47:26.075-03:00  INFO 996 --- [erp-multitenant-backend] [           main] com.zaxxer.hikari.HikariDataSource       : HikariPool-2 - Starting...
2026-08-18T17:47:26.080-03:00  INFO 996 --- [erp-multitenant-backend] [           main] com.zaxxer.hikari.pool.HikariPool        : HikariPool-2 - Added connection conn10: url=jdbc:h2:mem:erpdb user=SA
2026-08-18T17:47:26.081-03:00  INFO 996 --- [erp-multitenant-backend] [           main] com.zaxxer.hikari.HikariDataSource       : HikariPool-2 - Start completed.
2026-08-18T17:47:26.117-03:00  INFO 996 --- [erp-multitenant-backend] [           main] org.flywaydb.core.FlywayExecutor         : Database: jdbc:h2:mem:erpdb (H2 2.2)
2026-08-18T17:47:26.125-03:00  WARN 996 --- [erp-multitenant-backend] [           main] o.f.c.internal.database.base.Database    : Flyway upgrade recommended: H2 2.2.224 is newer than this version of Flyway and support has not been tested. The latest supported version of H2 is 2.2.220.
2026-08-18T17:47:26.146-03:00  INFO 996 --- [erp-multitenant-backend] [           main] o.f.core.internal.command.DbValidate     : Successfully validated 4 migrations (execution time 00:00.018s)
2026-08-18T17:47:26.440-03:00  INFO 996 --- [erp-multitenant-backend] [           main] o.f.core.internal.command.DbMigrate      : Current version of schema "PUBLIC": 4
2026-08-18T17:47:26.441-03:00  INFO 996 --- [erp-multitenant-backend] [           main] o.f.core.internal.command.DbMigrate      : Schema "PUBLIC" is up to date. No migration necessary.
2026-08-18T17:47:26.492-03:00  INFO 996 --- [erp-multitenant-backend] [           main] o.hibernate.jpa.internal.util.LogHelper  : HHH000204: Processing PersistenceUnitInfo [name: default]
2026-08-18T17:47:26.509-03:00  INFO 996 --- [erp-multitenant-backend] [           main] o.h.c.internal.RegionFactoryInitiator    : HHH000026: Second-level cache disabled
2026-08-18T17:47:26.538-03:00  INFO 996 --- [erp-multitenant-backend] [           main] o.s.o.j.p.SpringPersistenceUnitInfo      : No LoadTimeWeaver setup: ignoring JPA class transformer
2026-08-18T17:47:26.542-03:00  WARN 996 --- [erp-multitenant-backend] [           main] org.hibernate.orm.deprecation            : HHH90000025: H2Dialect does not need to be specified explicitly using 'hibernate.dialect' (remove the property setting and it will be selected by default)
2026-08-18T17:47:27.094-03:00  INFO 996 --- [erp-multitenant-backend] [           main] o.h.e.t.j.p.i.JtaPlatformInitiator       : HHH000489: No JTA platform available (set 'hibernate.transaction.jta.platform' to enable JTA platform integration)
2026-08-18T17:47:27.098-03:00  INFO 996 --- [erp-multitenant-backend] [           main] j.LocalContainerEntityManagerFactoryBean : Initialized JPA EntityManagerFactory for persistence unit 'default'
2026-08-18T17:47:27.650-03:00  WARN 996 --- [erp-multitenant-backend] [           main] JpaBaseConfiguration$JpaWebConfiguration : spring.jpa.open-in-view is enabled by default. Therefore, database queries may be performed during view rendering. Explicitly configure spring.jpa.open-in-view to disable this warning
2026-08-18T17:47:27.671-03:00  WARN 996 --- [erp-multitenant-backend] [           main] .s.s.UserDetailsServiceAutoConfiguration : 

Using generated security password: b1a1f8f5-9320-4d8b-868e-bcb54c263345

This generated password is for development use only. Your security configuration must be updated before running your application in production.

2026-08-18T17:47:27.910-03:00  INFO 996 --- [erp-multitenant-backend] [           main] o.s.s.web.DefaultSecurityFilterChain     : Will secure any request with [org.springframework.security.web.session.DisableEncodeUrlFilter@1d5f1fa5, org.springframework.security.web.context.request.async.WebAsyncManagerIntegrationFilter@13695bca, org.springframework.security.web.context.SecurityContextHolderFilter@304175d6, org.springframework.security.web.header.HeaderWriterFilter@dc58fb, org.springframework.web.filter.CorsFilter@33a8ae90, org.springframework.security.web.authentication.logout.LogoutFilter@278537ab, com.erp.multitenant.security.TenantFilter@35634653, com.erp.multitenant.security.JwtAuthenticationFilter@3fe8d36a, org.springframework.security.web.savedrequest.RequestCacheAwareFilter@628c2341, org.springframework.security.web.servletapi.SecurityContextHolderAwareRequestFilter@75a46b, org.springframework.security.web.authentication.AnonymousAuthenticationFilter@6312c241, org.springframework.security.web.session.SessionManagementFilter@6d6e2ad5, org.springframework.security.web.access.ExceptionTranslationFilter@5c61cfd0, org.springframework.security.web.access.intercept.AuthorizationFilter@96b3034]
2026-08-18T17:47:28.599-03:00  INFO 996 --- [erp-multitenant-backend] [           main] o.s.b.a.h2.H2ConsoleAutoConfiguration    : H2 console available at '/h2-console'. Database available at 'jdbc:h2:mem:erpdb'
2026-08-18T17:47:28.807-03:00 DEBUG 996 --- [erp-multitenant-backend] [           main] c.e.m.security.JwtAuthenticationFilter   : Filter 'jwtAuthenticationFilter' configured for use
2026-08-18T17:47:28.808-03:00 DEBUG 996 --- [erp-multitenant-backend] [           main] c.erp.multitenant.security.TenantFilter  : Filter 'tenantFilter' configured for use
2026-08-18T17:47:28.809-03:00  INFO 996 --- [erp-multitenant-backend] [           main] o.s.b.t.m.w.SpringBootMockServletContext : Initializing Spring TestDispatcherServlet ''
2026-08-18T17:47:28.810-03:00  INFO 996 --- [erp-multitenant-backend] [           main] o.s.t.web.servlet.TestDispatcherServlet  : Initializing Servlet ''
2026-08-18T17:47:28.811-03:00  INFO 996 --- [erp-multitenant-backend] [           main] o.s.t.web.servlet.TestDispatcherServlet  : Completed initialization in 1 ms
2026-08-18T17:47:28.832-03:00  INFO 996 --- [erp-multitenant-backend] [           main] c.e.m.s.SecurityExceptionHandlingTest    : Started SecurityExceptionHandlingTest in 4.892 seconds (process running for 38.077)
]]></system-out>
  </testcase>
</testsuite>