<?xml version="1.0" encoding="UTF-8"?>
<testsuite xmlns:xsi="http://www.w3.org/2001/XMLSchema-instance" xsi:noNamespaceSchemaLocation="https://maven.apache.org/surefire/maven-surefire-plugin/xsd/surefire-test-report-3.0.xsd" version="3.0" name="com.erp.multitenant.DashboardServiceTest" time="22.396" tests="1" errors="0" skipped="0" failures="0">
  <properties>
[...]
</properties>
  <testcase name="testGetDashboardData" classname="com.erp.multitenant.DashboardServiceTest" time="1.836">
    <system-out><![CDATA[20:47:20.413 [main] INFO org.springframework.test.context.support.AnnotationConfigContextLoaderUtils -- Could not detect default configuration classes for test class [com.erp.multitenant.DashboardServiceTest]: DashboardServiceTest does not declare any static, non-private, non-final, nested classes annotated with @Configuration.
20:47:21.006 [main] INFO org.springframework.boot.test.context.SpringBootTestContextBootstrapper -- Found @SpringBootConfiguration com.erp.multitenant.ErpApplication for test class com.erp.multitenant.DashboardServiceTest

  .   ____          _            __ _ _
 /\\ / ___'_ __ _ _(_)_ __  __ _ \ \ \ \
( ( )\___ | '_ | '_| | '_ \/ _` | \ \ \ \
 \\/  ___)| |_)| | | | | || (_| |  ) ) ) )
  '  |____| .__|_| |_|_| |_\__, | / / / /
 =========|_|==============|___/=/_/_/_/
 :: Spring Boot ::                (v3.2.3)

2026-08-11T20:47:23.523-03:00  INFO 3800 --- [erp-multitenant-backend] [           main] c.erp.multitenant.DashboardServiceTest   : Starting DashboardServiceTest using Java 26.0.1 with PID 3800 (started by mayara in C:\Users\guter\Documents\GitHub\gestaoEstopa\backend)
2026-08-11T20:47:23.526-03:00 DEBUG 3800 --- [erp-multitenant-backend] [           main] c.erp.multitenant.DashboardServiceTest   : Running with Spring Boot v3.2.3, Spring v6.1.4
2026-08-11T20:47:23.532-03:00  INFO 3800 --- [erp-multitenant-backend] [           main] c.erp.multitenant.DashboardServiceTest   : The following 1 profile is active: "dev"
2026-08-11T20:47:26.604-03:00  INFO 3800 --- [erp-multitenant-backend] [           main] .s.d.r.c.RepositoryConfigurationDelegate : Bootstrapping Spring Data JPA repositories in DEFAULT mode.
2026-08-11T20:47:26.848-03:00  INFO 3800 --- [erp-multitenant-backend] [           main] .s.d.r.c.RepositoryConfigurationDelegate : Finished Spring Data repository scanning in 222 ms. Found 4 JPA repository interfaces.
2026-08-11T20:47:28.351-03:00  INFO 3800 --- [erp-multitenant-backend] [           main] com.zaxxer.hikari.HikariDataSource       : HikariPool-1 - Starting...
2026-08-11T20:47:29.118-03:00  INFO 3800 --- [erp-multitenant-backend] [           main] com.zaxxer.hikari.pool.HikariPool        : HikariPool-1 - Added connection conn0: url=jdbc:h2:mem:erpdb user=SA
2026-08-11T20:47:29.122-03:00  INFO 3800 --- [erp-multitenant-backend] [           main] com.zaxxer.hikari.HikariDataSource       : HikariPool-1 - Start completed.
2026-08-11T20:47:29.436-03:00  INFO 3800 --- [erp-multitenant-backend] [           main] o.f.c.internal.license.VersionPrinter    : Flyway Community Edition 9.22.3 by Redgate
2026-08-11T20:47:29.436-03:00  INFO 3800 --- [erp-multitenant-backend] [           main] o.f.c.internal.license.VersionPrinter    : See release notes here: https://rd.gt/416ObMi
2026-08-11T20:47:29.436-03:00  INFO 3800 --- [erp-multitenant-backend] [           main] o.f.c.internal.license.VersionPrinter    : 
2026-08-11T20:47:29.624-03:00  INFO 3800 --- [erp-multitenant-backend] [           main] org.flywaydb.core.FlywayExecutor         : Database: jdbc:h2:mem:erpdb (H2 2.2)
2026-08-11T20:47:29.639-03:00  WARN 3800 --- [erp-multitenant-backend] [           main] o.f.c.internal.database.base.Database    : Flyway upgrade recommended: H2 2.2.224 is newer than this version of Flyway and support has not been tested. The latest supported version of H2 is 2.2.220.
2026-08-11T20:47:29.722-03:00  INFO 3800 --- [erp-multitenant-backend] [           main] o.f.c.i.s.JdbcTableSchemaHistory         : Schema history table "PUBLIC"."flyway_schema_history" does not exist yet
2026-08-11T20:47:29.731-03:00  INFO 3800 --- [erp-multitenant-backend] [           main] o.f.core.internal.command.DbValidate     : Successfully validated 3 migrations (execution time 00:00.060s)
2026-08-11T20:47:29.769-03:00  INFO 3800 --- [erp-multitenant-backend] [           main] o.f.c.i.s.JdbcTableSchemaHistory         : Creating Schema History table "PUBLIC"."flyway_schema_history" ...
2026-08-11T20:47:29.853-03:00  INFO 3800 --- [erp-multitenant-backend] [           main] o.f.core.internal.command.DbMigrate      : Current version of schema "PUBLIC": << Empty Schema >>
2026-08-11T20:47:29.904-03:00  INFO 3800 --- [erp-multitenant-backend] [           main] o.f.core.internal.command.DbMigrate      : Migrating schema "PUBLIC" to version "1 - init"
2026-08-11T20:47:30.023-03:00  INFO 3800 --- [erp-multitenant-backend] [           main] o.f.core.internal.command.DbMigrate      : Migrating schema "PUBLIC" to version "2 - suporte"
2026-08-11T20:47:30.051-03:00  INFO 3800 --- [erp-multitenant-backend] [           main] o.f.core.internal.command.DbMigrate      : Migrating schema "PUBLIC" to version "3 - sample data"
2026-08-11T20:47:30.086-03:00  INFO 3800 --- [erp-multitenant-backend] [           main] o.f.core.internal.command.DbMigrate      : Successfully applied 3 migrations to schema "PUBLIC", now at version v3 (execution time 00:00.089s)
2026-08-11T20:47:30.393-03:00  INFO 3800 --- [erp-multitenant-backend] [           main] o.hibernate.jpa.internal.util.LogHelper  : HHH000204: Processing PersistenceUnitInfo [name: default]
2026-08-11T20:47:30.654-03:00  INFO 3800 --- [erp-multitenant-backend] [           main] org.hibernate.Version                    : HHH000412: Hibernate ORM core version 6.4.4.Final
2026-08-11T20:47:30.768-03:00  INFO 3800 --- [erp-multitenant-backend] [           main] o.h.c.internal.RegionFactoryInitiator    : HHH000026: Second-level cache disabled
2026-08-11T20:47:31.480-03:00  INFO 3800 --- [erp-multitenant-backend] [           main] o.s.o.j.p.SpringPersistenceUnitInfo      : No LoadTimeWeaver setup: ignoring JPA class transformer
2026-08-11T20:47:31.630-03:00  WARN 3800 --- [erp-multitenant-backend] [           main] org.hibernate.orm.deprecation            : HHH90000025: H2Dialect does not need to be specified explicitly using 'hibernate.dialect' (remove the property setting and it will be selected by default)
2026-08-11T20:47:33.900-03:00  INFO 3800 --- [erp-multitenant-backend] [           main] o.h.e.t.j.p.i.JtaPlatformInitiator       : HHH000489: No JTA platform available (set 'hibernate.transaction.jta.platform' to enable JTA platform integration)
2026-08-11T20:47:33.962-03:00  INFO 3800 --- [erp-multitenant-backend] [           main] j.LocalContainerEntityManagerFactoryBean : Initialized JPA EntityManagerFactory for persistence unit 'default'
2026-08-11T20:47:35.404-03:00  INFO 3800 --- [erp-multitenant-backend] [           main] o.s.d.j.r.query.QueryEnhancerFactory     : Hibernate is in classpath; If applicable, HQL parser will be used.
2026-08-11T20:47:37.862-03:00  WARN 3800 --- [erp-multitenant-backend] [           main] JpaBaseConfiguration$JpaWebConfiguration : spring.jpa.open-in-view is enabled by default. Therefore, database queries may be performed during view rendering. Explicitly configure spring.jpa.open-in-view to disable this warning
2026-08-11T20:47:38.012-03:00  WARN 3800 --- [erp-multitenant-backend] [           main] .s.s.UserDetailsServiceAutoConfiguration : 

Using generated security password: b9025d45-9180-40d3-885a-d5d06789a3a5

This generated password is for development use only. Your security configuration must be updated before running your application in production.

2026-08-11T20:47:38.943-03:00  INFO 3800 --- [erp-multitenant-backend] [           main] o.s.s.web.DefaultSecurityFilterChain     : Will secure any request with [org.springframework.security.web.session.DisableEncodeUrlFilter@47362f88, org.springframework.security.web.context.request.async.WebAsyncManagerIntegrationFilter@2488a11, org.springframework.security.web.context.SecurityContextHolderFilter@c1aa8f9, org.springframework.security.web.header.HeaderWriterFilter@304a2c8a, org.springframework.web.filter.CorsFilter@8936d23, org.springframework.security.web.authentication.logout.LogoutFilter@71ebb8e1, com.erp.multitenant.security.TenantFilter@5b2c41f9, org.springframework.security.web.savedrequest.RequestCacheAwareFilter@498e9130, org.springframework.security.web.servletapi.SecurityContextHolderAwareRequestFilter@22f3a5bc, org.springframework.security.web.authentication.AnonymousAuthenticationFilter@73131043, org.springframework.security.web.session.SessionManagementFilter@54ba7366, org.springframework.security.web.access.ExceptionTranslationFilter@bdb997f, org.springframework.security.web.access.intercept.AuthorizationFilter@23ccdee9]
2026-08-11T20:47:40.163-03:00  INFO 3800 --- [erp-multitenant-backend] [           main] o.s.b.a.h2.H2ConsoleAutoConfiguration    : H2 console available at '/h2-console'. Database available at 'jdbc:h2:mem:erpdb'
2026-08-11T20:47:40.320-03:00  INFO 3800 --- [erp-multitenant-backend] [           main] c.erp.multitenant.DashboardServiceTest   : Started DashboardServiceTest in 18.319 seconds (process running for 22.881)
2026-08-11T20:47:41.981-03:00 DEBUG 3800 --- [erp-multitenant-backend] [           main] org.hibernate.SQL                        : 
    select
        sum(v1_0.valor_total) 
    from
        tb_venda v1_0 
    where
        v1_0.tenant_id=? 
        and v1_0.data_venda>=?
Hibernate: 
    select
        sum(v1_0.valor_total) 
    from
        tb_venda v1_0 
    where
        v1_0.tenant_id=? 
        and v1_0.data_venda>=?
2026-08-11T20:47:42.009-03:00 DEBUG 3800 --- [erp-multitenant-backend] [           main] org.hibernate.SQL                        : 
    select
        sum(v1_0.lucro_liquido) 
    from
        tb_venda v1_0 
    where
        v1_0.tenant_id=? 
        and v1_0.data_venda>=?
Hibernate: 
    select
        sum(v1_0.lucro_liquido) 
    from
        tb_venda v1_0 
    where
        v1_0.tenant_id=? 
        and v1_0.data_venda>=?
2026-08-11T20:47:42.013-03:00 DEBUG 3800 --- [erp-multitenant-backend] [           main] org.hibernate.SQL                        : 
    select
        sum(p1_0.valor) 
    from
        tb_parcela p1_0 
    where
        p1_0.tenant_id=? 
        and p1_0.status=?
Hibernate: 
    select
        sum(p1_0.valor) 
    from
        tb_parcela p1_0 
    where
        p1_0.tenant_id=? 
        and p1_0.status=?
2026-08-11T20:47:42.017-03:00 DEBUG 3800 --- [erp-multitenant-backend] [           main] org.hibernate.SQL                        : 
    select
        sum(p1_0.valor) 
    from
        tb_parcela p1_0 
    where
        p1_0.tenant_id=? 
        and p1_0.status=?
Hibernate: 
    select
        sum(p1_0.valor) 
    from
        tb_parcela p1_0 
    where
        p1_0.tenant_id=? 
        and p1_0.status=?
2026-08-11T20:47:42.052-03:00 DEBUG 3800 --- [erp-multitenant-backend] [           main] org.hibernate.SQL                        : 
    select
        c1_0.id,
        c1_0.nome,
        sum(v1_0.valor_total) 
    from
        tb_venda v1_0 
    join
        tb_cliente c1_0 
            on c1_0.id=v1_0.cliente_id 
    where
        v1_0.tenant_id=? 
    group by
        c1_0.id,
        c1_0.nome 
    order by
        sum(v1_0.valor_total) desc
Hibernate: 
    select
        c1_0.id,
        c1_0.nome,
        sum(v1_0.valor_total) 
    from
        tb_venda v1_0 
    join
        tb_cliente c1_0 
            on c1_0.id=v1_0.cliente_id 
    where
        v1_0.tenant_id=? 
    group by
        c1_0.id,
        c1_0.nome 
    order by
        sum(v1_0.valor_total) desc
2026-08-11T20:47:42.100-03:00 DEBUG 3800 --- [erp-multitenant-backend] [           main] org.hibernate.SQL                        : 
    select
        count(p1_0.id) 
    from
        tb_parcela p1_0 
    where
        p1_0.tenant_id=? 
        and p1_0.status=? 
        and p1_0.data_vencimento<?
Hibernate: 
    select
        count(p1_0.id) 
    from
        tb_parcela p1_0 
    where
        p1_0.tenant_id=? 
        and p1_0.status=? 
        and p1_0.data_vencimento<?
2026-08-11T20:47:42.131-03:00 DEBUG 3800 --- [erp-multitenant-backend] [           main] org.hibernate.SQL                        : 
    select
        count(p1_0.id) 
    from
        tb_parcela p1_0 
    where
        p1_0.tenant_id=? 
        and p1_0.status=? 
        and p1_0.data_vencimento=?
Hibernate: 
    select
        count(p1_0.id) 
    from
        tb_parcela p1_0 
    where
        p1_0.tenant_id=? 
        and p1_0.status=? 
        and p1_0.data_vencimento=?
2026-08-11T20:47:42.137-03:00 DEBUG 3800 --- [erp-multitenant-backend] [           main] org.hibernate.SQL                        : 
    select
        count(p1_0.id) 
    from
        tb_produto p1_0 
    where
        p1_0.tenant_id=? 
        and p1_0.status=? 
        and p1_0.ultima_movimentacao<?
Hibernate: 
    select
        count(p1_0.id) 
    from
        tb_produto p1_0 
    where
        p1_0.tenant_id=? 
        and p1_0.status=? 
        and p1_0.ultima_movimentacao<?
]]></system-out>
    <system-err><![CDATA[WARNING: A Java agent has been loaded dynamically (C:\Users\guter\.m2\repository\net\bytebuddy\byte-buddy-agent\1.14.12\byte-buddy-agent-1.14.12.jar)
WARNING: If a serviceability tool is in use, please run with -XX:+EnableDynamicAgentLoading to hide this warning
WARNING: If a serviceability tool is not in use, please run with -Djdk.instrument.traceUsage for more information
WARNING: Dynamic loading of agents will be disallowed by default in a future release
]]></system-err>
  </testcase>
</testsuite>